
head,base_stm,1,1
hybrid,1012,6000,4590,1410
head,base_stm,1,2
hybrid,1013,8000,6838,1162
head,base_stm,1,3
hybrid,1013,10000,8830,1170
head,base_stm,1,4
hybrid,13,12000,10780,1220
head,base_stm,1,5
hybrid,13,14000,12752,1248
head,base_stm,1,6
hybrid,13,16000,14704,1296
head,base_stm,1,7
hybrid,13,18000,16907,1093
head,base_stm,1,8
hybrid,14,20000,18948,1052
head,base_stm,1,9
hybrid,14,22000,20673,1327
head,base_stm,1,10
hybrid,14,24000,22805,1195
head,base_stm,1,11
hybrid,1016,26000,24812,1188
head,base_stm,1,12
hybrid,15,28000,26995,1005
head,base_stm,1,13
hybrid,3019,30000,28786,1214
head,base_stm,1,14
hybrid,3018,32000,30690,1310
head,base_stm,1,15
hybrid,18,34000,32465,1535
head,base_stm,1,16
hybrid,518,36000,34469,1531
head,base_stm,1,17
hybrid,2019,38000,36609,1391
head,base_stm,1,18
hybrid,2019,40000,38269,1731
head,base_stm,1,19
hybrid,2019,42000,40090,1910
head,base_stm,1,20
hybrid,20,44000,42223,1777
head,base_stm,1,21
hybrid,21,46000,44143,1857
head,base_stm,1,22
hybrid,2523,48000,47034,966
head,base_stm,1,23
hybrid,23,50000,48517,1483
head,base_stm,1,24
hybrid,22,52000,50431,1569
head,base_stm,1,25
hybrid,22,54000,52767,1233
head,base_stm,1,26
hybrid,1020,56000,54890,1110
head,base_stm,1,27
hybrid,22,58000,56529,1471
head,base_stm,1,28
hybrid,1022,60000,58822,1178
head,base_stm,1,29
hybrid,6027,62000,60792,1208
head,base_stm,1,30
hybrid,26,64000,63136,864
head,base_stm,1,31
hybrid,2028,66000,64270,1730
head,base_stm,1,32
hybrid,1025,68000,66900,1100
head,base_stm,2,1
hybrid,1013,10000,8835,1165
head,base_stm,2,2
hybrid,4015,12000,10713,1287
head,base_stm,2,3
hybrid,12,14000,13053,947
head,base_stm,2,4
hybrid,15520,16000,14096,1904
head,base_stm,2,5
hybrid,4014,18000,16974,1026
head,base_stm,2,6
hybrid,19022,20000,17579,2421
head,base_stm,2,7
hybrid,25521,22000,19682,2318
head,base_stm,2,8
hybrid,12020,24000,21870,2130
head,base_stm,2,9
hybrid,9519,26000,24005,1995
head,base_stm,2,10
hybrid,12019,28000,26132,1868
head,base_stm,2,11
hybrid,37524,30000,27376,2624
head,base_stm,2,12
hybrid,5019,32000,30200,1800
head,base_stm,2,13
hybrid,6518,34000,31748,2252
head,base_stm,2,14
hybrid,23027,36000,33597,2403
head,base_stm,2,15
hybrid,10020,38000,35564,2436
head,base_stm,2,16
hybrid,9022,40000,37521,2479
head,base_stm,2,17
hybrid,5020,42000,39571,2429
head,base_stm,2,18
hybrid,14025,44000,41341,2659
head,base_stm,2,19
hybrid,10023,46000,43342,2658
head,base_stm,2,20
hybrid,4521,48000,45376,2624
head,base_stm,2,21
hybrid,6022,50000,47475,2525
head,base_stm,2,22
hybrid,4023,52000,49722,2278
head,base_stm,2,23
hybrid,6023,54000,51341,2659
head,base_stm,2,24
hybrid,1025,56000,53764,2236
head,base_stm,2,25
hybrid,5022,58000,55318,2682
head,base_stm,2,26
hybrid,6024,60000,57132,2868
head,base_stm,2,27
hybrid,12525,62000,58742,3258
head,base_stm,2,28
hybrid,6030,64000,61026,2974
head,base_stm,2,29
hybrid,3027,66000,63027,2973
head,base_stm,2,30
hybrid,6027,68000,65129,2871
head,base_stm,2,31
hybrid,12029,70000,66756,3244
head,base_stm,2,32
hybrid,8029,72000,68854,3146
head,base_stm,3,1
hybrid,4014,14000,12702,1298
head,base_stm,3,2
hybrid,4013,16000,14900,1100
head,base_stm,3,3
hybrid,2014,18000,16813,1187
head,base_stm,3,4
hybrid,12016,20000,18023,1977
head,base_stm,3,5
hybrid,33022,22000,18876,3124
head,base_stm,3,6
hybrid,11019,24000,21981,2019
head,base_stm,3,7
hybrid,25024,26000,23345,2655
head,base_stm,3,8
hybrid,21522,28000,24728,3272
head,base_stm,3,9
hybrid,25025,30000,26474,3526
head,base_stm,3,10
hybrid,16021,32000,29261,2739
head,base_stm,3,11
hybrid,10018,34000,31603,2397
head,base_stm,3,12
hybrid,21023,36000,32591,3409
head,base_stm,3,13
hybrid,28025,38000,34485,3515
head,base_stm,3,14
hybrid,15020,40000,36697,3303
head,base_stm,3,15
hybrid,31028,42000,37871,4129
head,base_stm,3,16
hybrid,13020,44000,40643,3357
head,base_stm,3,17
hybrid,26024,46000,41946,4054
head,base_stm,3,18
hybrid,10020,48000,44695,3305
head,base_stm,3,19
hybrid,21021,50000,45737,4263
head,base_stm,3,20
hybrid,11021,52000,48641,3359
head,base_stm,3,21
hybrid,21030,54000,49399,4601
head,base_stm,3,22
hybrid,7023,56000,52497,3503
head,base_stm,3,23
hybrid,29527,58000,53814,4186
head,base_stm,3,24
hybrid,7521,60000,56212,3788
head,base_stm,3,25
hybrid,14023,62000,57999,4001
head,base_stm,3,26
hybrid,13023,64000,59757,4243
head,base_stm,3,27
hybrid,14525,66000,61907,4093
head,base_stm,3,28
hybrid,11023,68000,64304,3696
head,base_stm,3,29
hybrid,21027,70000,65006,4994
head,base_stm,3,30
hybrid,31035,72000,67025,4975
head,base_stm,3,31
hybrid,7024,74000,70084,3916
head,base_stm,3,32
hybrid,22038,76000,70766,5234
head,base_stm,4,1
hybrid,43027,18000,14582,3418
head,base_stm,4,2
hybrid,5015,20000,18624,1376
head,base_stm,4,3
hybrid,10016,22000,20083,1917
head,base_stm,4,4
hybrid,37022,24000,19877,4123
head,base_stm,4,5
hybrid,29522,26000,22482,3518
head,base_stm,4,6
hybrid,36523,28000,24674,3326
head,base_stm,4,7
hybrid,16018,30000,27245,2755
head,base_stm,4,8
hybrid,16019,32000,28791,3209
head,base_stm,4,9
hybrid,28522,34000,30024,3976
head,base_stm,4,10
hybrid,19521,36000,32233,3767
head,base_stm,4,11
hybrid,35026,38000,33272,4728
head,base_stm,4,12
hybrid,38527,40000,35079,4921
head,base_stm,4,13
hybrid,28023,42000,37649,4351
head,base_stm,4,14
hybrid,26525,44000,39064,4936
head,base_stm,4,15
hybrid,24023,46000,41262,4738
head,base_stm,4,16
hybrid,30526,48000,42829,5171
head,base_stm,4,17
hybrid,16021,50000,45990,4010
head,base_stm,4,18
hybrid,29027,52000,47031,4969
head,base_stm,4,19
hybrid,32029,54000,48453,5547
head,base_stm,4,20
hybrid,36028,56000,50285,5715
head,base_stm,4,21
hybrid,31032,58000,52400,5600
head,base_stm,4,22
hybrid,34534,60000,54180,5820
head,base_stm,4,23
hybrid,20026,62000,56499,5501
head,base_stm,4,24
hybrid,33036,64000,58079,5921
head,base_stm,4,25
hybrid,32035,66000,60487,5513
head,base_stm,4,26
hybrid,40538,68000,61420,6580
head,base_stm,4,27
hybrid,30031,70000,63756,6244
head,base_stm,4,28
hybrid,25029,72000,66147,5853
head,base_stm,4,29
hybrid,31030,74000,67990,6010
head,base_stm,4,30
hybrid,22033,76000,69209,6791
head,base_stm,4,31
hybrid,25033,78000,71572,6428
head,base_stm,4,32
hybrid,25029,80000,73069,6931
