
head,base_stm,1,1
hybrid,5654,120000
head,base_stm,1,2
hybrid,1496,160000
head,base_stm,1,3
hybrid,541,200000
head,base_stm,1,4
hybrid,432,240000
head,base_stm,1,5
hybrid,3551,280000
head,base_stm,1,6
hybrid,1495,320000
head,base_stm,1,7
hybrid,3423,360000
head,base_stm,1,8
hybrid,432,400000
head,base_stm,1,9
hybrid,1397,440000
head,base_stm,1,10
hybrid,1394,480000
head,base_stm,1,11
hybrid,5441,520000
head,base_stm,1,12
hybrid,18488,560000
head,base_stm,1,13
hybrid,1397,600000
head,base_stm,1,14
hybrid,4440,640000
head,base_stm,1,15
hybrid,3410,680000
head,base_stm,1,16
hybrid,2402,720000
head,base_stm,1,17
hybrid,1430,760000
head,base_stm,1,18
hybrid,12441,800000
head,base_stm,1,19
hybrid,421,840000
head,base_stm,1,20
hybrid,1406,880000
head,base_stm,1,21
hybrid,6414,920000
head,base_stm,1,22
hybrid,3443,960000
head,base_stm,1,23
hybrid,3436,1000000
head,base_stm,1,24
hybrid,453,1040000
head,base_stm,1,25
hybrid,430,1080000
head,base_stm,1,26
hybrid,378,1120000
head,base_stm,1,27
hybrid,1451,1160000
head,base_stm,1,28
hybrid,5417,1200000
head,base_stm,1,29
hybrid,4470,1240000
head,base_stm,1,30
hybrid,3442,1280000
head,base_stm,1,31
hybrid,406,1320000
head,base_stm,1,32
hybrid,1460,1360000
head,base_stm,2,1
hybrid,54567,200000
head,base_stm,2,2
hybrid,57928,240000
head,base_stm,2,3
hybrid,47955,280000
head,base_stm,2,4
hybrid,33383,320000
head,base_stm,2,5
hybrid,69392,360000
head,base_stm,2,6
hybrid,48893,400000
head,base_stm,2,7
hybrid,39408,440000
head,base_stm,2,8
hybrid,34907,480000
head,base_stm,2,9
hybrid,30473,520000
head,base_stm,2,10
hybrid,46935,560000
head,base_stm,2,11
hybrid,35890,600000
head,base_stm,2,12
hybrid,37990,640000
head,base_stm,2,13
hybrid,59834,680000
head,base_stm,2,14
hybrid,31343,720000
head,base_stm,2,15
hybrid,63922,760000
head,base_stm,2,16
hybrid,41452,800000
head,base_stm,2,17
hybrid,39802,840000
head,base_stm,2,18
hybrid,34353,880000
head,base_stm,2,19
hybrid,49804,920000
head,base_stm,2,20
hybrid,42370,960000
head,base_stm,2,21
hybrid,33836,1000000
head,base_stm,2,22
hybrid,13886,1040000
head,base_stm,2,23
hybrid,14378,1080000
head,base_stm,2,24
hybrid,44872,1120000
head,base_stm,2,25
hybrid,19368,1160000
head,base_stm,2,26
hybrid,9430,1200000
head,base_stm,2,27
hybrid,20362,1240000
head,base_stm,2,28
hybrid,32370,1280000
head,base_stm,2,29
hybrid,8953,1320000
head,base_stm,2,30
hybrid,24883,1360000
head,base_stm,2,31
hybrid,12445,1400000
head,base_stm,2,32
hybrid,18499,1440000
head,base_stm,3,1
hybrid,97868,280000
head,base_stm,3,2
hybrid,77948,320000
head,base_stm,3,3
hybrid,82465,360000
head,base_stm,3,4
hybrid,82235,400000
head,base_stm,3,5
hybrid,94361,440000
head,base_stm,3,6
hybrid,83364,480000
head,base_stm,3,7
hybrid,87849,520000
head,base_stm,3,8
hybrid,74843,560000
head,base_stm,3,9
hybrid,75323,600000
head,base_stm,3,10
hybrid,91228,640000
head,base_stm,3,11
hybrid,100848,680000
head,base_stm,3,12
hybrid,79861,720000
head,base_stm,3,13
hybrid,97823,760000
head,base_stm,3,14
hybrid,101373,800000
head,base_stm,3,15
hybrid,84340,840000
head,base_stm,3,16
hybrid,85807,880000
head,base_stm,3,17
hybrid,88363,920000
head,base_stm,3,18
hybrid,91322,960000
head,base_stm,3,19
hybrid,100280,1000000
head,base_stm,3,20
hybrid,79761,1040000
head,base_stm,3,21
hybrid,71298,1080000
head,base_stm,3,22
hybrid,75872,1120000
head,base_stm,3,23
hybrid,71837,1160000
head,base_stm,3,24
hybrid,82312,1200000
head,base_stm,3,25
hybrid,81347,1240000
head,base_stm,3,26
hybrid,88817,1280000
head,base_stm,3,27
hybrid,69247,1320000
head,base_stm,3,28
hybrid,67339,1360000
head,base_stm,3,29
hybrid,87857,1400000
head,base_stm,3,30
hybrid,64447,1440000
head,base_stm,3,31
hybrid,68782,1480000
head,base_stm,3,32
hybrid,57880,1520000
head,base_stm,4,1
hybrid,130890,360000
head,base_stm,4,2
hybrid,117485,400000
head,base_stm,4,3
hybrid,132404,440000
head,base_stm,4,4
hybrid,109865,480000
head,base_stm,4,5
hybrid,127841,520000
head,base_stm,4,6
hybrid,115905,560000
head,base_stm,4,7
hybrid,124433,600000
head,base_stm,4,8
hybrid,134798,640000
head,base_stm,4,9
hybrid,132824,680000
head,base_stm,4,10
hybrid,142320,720000
head,base_stm,4,11
hybrid,119353,760000
head,base_stm,4,12
hybrid,128326,800000
head,base_stm,4,13
hybrid,123465,840000
head,base_stm,4,14
hybrid,119368,880000
head,base_stm,4,15
hybrid,116882,920000
head,base_stm,4,16
hybrid,115334,960000
head,base_stm,4,17
hybrid,121811,1000000
head,base_stm,4,18
hybrid,106877,1040000
head,base_stm,4,19
hybrid,133845,1080000
head,base_stm,4,20
hybrid,120369,1120000
head,base_stm,4,21
hybrid,107298,1160000
head,base_stm,4,22
hybrid,107812,1200000
head,base_stm,4,23
hybrid,121286,1240000
head,base_stm,4,24
hybrid,129845,1280000
head,base_stm,4,25
hybrid,112868,1320000
head,base_stm,4,26
hybrid,123382,1360000
head,base_stm,4,27
hybrid,99911,1400000
head,base_stm,4,28
hybrid,112797,1440000
head,base_stm,4,29
hybrid,117835,1480000
head,base_stm,4,30
hybrid,100391,1520000
head,base_stm,4,31
hybrid,112853,1560000
head,base_stm,4,32
hybrid,87320,1600000
