
head,mvcc_stm,1,1
hybrid,650,120000
head,mvcc_stm,1,2
hybrid,863,160000
head,mvcc_stm,1,3
hybrid,979,200000
head,mvcc_stm,1,4
hybrid,1162,240000
head,mvcc_stm,1,5
hybrid,1387,280000
head,mvcc_stm,1,6
hybrid,1600,320000
head,mvcc_stm,1,7
hybrid,1864,360000
head,mvcc_stm,1,8
hybrid,2089,400000
head,mvcc_stm,1,9
hybrid,2297,440000
head,mvcc_stm,1,10
hybrid,2645,480000
head,mvcc_stm,1,11
hybrid,2762,520000
head,mvcc_stm,1,12
hybrid,3037,560000
head,mvcc_stm,1,13
hybrid,3477,600000
head,mvcc_stm,1,14
hybrid,3785,640000
head,mvcc_stm,1,15
hybrid,3938,680000
head,mvcc_stm,1,16
hybrid,4167,720000
head,mvcc_stm,1,17
hybrid,4494,760000
head,mvcc_stm,1,18
hybrid,4682,800000
head,mvcc_stm,1,19
hybrid,4958,840000
head,mvcc_stm,1,20
hybrid,5282,880000
head,mvcc_stm,1,21
hybrid,5562,920000
head,mvcc_stm,1,22
hybrid,5650,960000
head,mvcc_stm,1,23
hybrid,5894,1000000
head,mvcc_stm,1,24
hybrid,6367,1040000
head,mvcc_stm,1,25
hybrid,6562,1080000
head,mvcc_stm,1,26
hybrid,6583,1120000
head,mvcc_stm,1,27
hybrid,6865,1160000
head,mvcc_stm,1,28
hybrid,7261,1200000
head,mvcc_stm,1,29
hybrid,7443,1240000
head,mvcc_stm,1,30
hybrid,7737,1280000
head,mvcc_stm,1,31
hybrid,8072,1320000
head,mvcc_stm,1,32
hybrid,7999,1360000
head,mvcc_stm,2,1
hybrid,1092,200000
head,mvcc_stm,2,2
hybrid,1365,240000
head,mvcc_stm,2,3
hybrid,1467,280000
head,mvcc_stm,2,4
hybrid,1673,320000
head,mvcc_stm,2,5
hybrid,1985,360000
head,mvcc_stm,2,6
hybrid,2182,400000
head,mvcc_stm,2,7
hybrid,2421,440000
head,mvcc_stm,2,8
hybrid,2648,480000
head,mvcc_stm,2,9
hybrid,2857,520000
head,mvcc_stm,2,10
hybrid,3179,560000
head,mvcc_stm,2,11
hybrid,3764,600000
head,mvcc_stm,2,12
hybrid,4118,640000
head,mvcc_stm,2,13
hybrid,4281,680000
head,mvcc_stm,2,14
hybrid,4632,720000
head,mvcc_stm,2,15
hybrid,4716,760000
head,mvcc_stm,2,16
hybrid,5338,800000
head,mvcc_stm,2,17
hybrid,5137,840000
head,mvcc_stm,2,18
hybrid,5422,880000
head,mvcc_stm,2,19
hybrid,5522,920000
head,mvcc_stm,2,20
hybrid,6139,960000
head,mvcc_stm,2,21
hybrid,6115,1000000
head,mvcc_stm,2,22
hybrid,6498,1040000
head,mvcc_stm,2,23
hybrid,6711,1080000
head,mvcc_stm,2,24
hybrid,6743,1120000
head,mvcc_stm,2,25
hybrid,7364,1160000
head,mvcc_stm,2,26
hybrid,7520,1200000
head,mvcc_stm,2,27
hybrid,7755,1240000
head,mvcc_stm,2,28
hybrid,8143,1280000
head,mvcc_stm,2,29
hybrid,8039,1320000
head,mvcc_stm,2,30
hybrid,8273,1360000
head,mvcc_stm,2,31
hybrid,8903,1400000
head,mvcc_stm,2,32
hybrid,8764,1440000
head,mvcc_stm,3,1
hybrid,1574,280000
head,mvcc_stm,3,2
hybrid,1879,320000
head,mvcc_stm,3,3
hybrid,2006,360000
head,mvcc_stm,3,4
hybrid,2243,400000
head,mvcc_stm,3,5
hybrid,2508,440000
head,mvcc_stm,3,6
hybrid,2727,480000
head,mvcc_stm,3,7
hybrid,3006,520000
head,mvcc_stm,3,8
hybrid,3218,560000
head,mvcc_stm,3,9
hybrid,3646,600000
head,mvcc_stm,3,10
hybrid,4161,640000
head,mvcc_stm,3,11
hybrid,4356,680000
head,mvcc_stm,3,12
hybrid,5070,720000
head,mvcc_stm,3,13
hybrid,5359,760000
head,mvcc_stm,3,14
hybrid,5721,800000
head,mvcc_stm,3,15
hybrid,5481,840000
head,mvcc_stm,3,16
hybrid,5867,880000
head,mvcc_stm,3,17
hybrid,5965,920000
head,mvcc_stm,3,18
hybrid,6488,960000
head,mvcc_stm,3,19
hybrid,7402,1000000
head,mvcc_stm,3,20
hybrid,6603,1040000
head,mvcc_stm,3,21
hybrid,8029,1080000
head,mvcc_stm,3,22
hybrid,8143,1120000
head,mvcc_stm,3,23
hybrid,7581,1160000
head,mvcc_stm,3,24
hybrid,8431,1200000
head,mvcc_stm,3,25
hybrid,7854,1240000
head,mvcc_stm,3,26
hybrid,8121,1280000
head,mvcc_stm,3,27
hybrid,8793,1320000
head,mvcc_stm,3,28
hybrid,8198,1360000
head,mvcc_stm,3,29
hybrid,8935,1400000
head,mvcc_stm,3,30
hybrid,9322,1440000
head,mvcc_stm,3,31
hybrid,9994,1480000
head,mvcc_stm,3,32
hybrid,9852,1520000
head,mvcc_stm,4,1
hybrid,2032,360000
head,mvcc_stm,4,2
hybrid,2303,400000
head,mvcc_stm,4,3
hybrid,2511,440000
head,mvcc_stm,4,4
hybrid,2833,480000
head,mvcc_stm,4,5
hybrid,3046,520000
head,mvcc_stm,4,6
hybrid,3273,560000
head,mvcc_stm,4,7
hybrid,3545,600000
head,mvcc_stm,4,8
hybrid,3954,640000
head,mvcc_stm,4,9
hybrid,4404,680000
head,mvcc_stm,4,10
hybrid,5033,720000
head,mvcc_stm,4,11
hybrid,5732,760000
head,mvcc_stm,4,12
hybrid,6399,800000
head,mvcc_stm,4,13
hybrid,5895,840000
head,mvcc_stm,4,14
hybrid,6663,880000
head,mvcc_stm,4,15
hybrid,6598,920000
head,mvcc_stm,4,16
hybrid,7146,960000
head,mvcc_stm,4,17
hybrid,7557,1000000
head,mvcc_stm,4,18
hybrid,7376,1040000
head,mvcc_stm,4,19
hybrid,8382,1080000
head,mvcc_stm,4,20
hybrid,8285,1120000
head,mvcc_stm,4,21
hybrid,8334,1160000
head,mvcc_stm,4,22
hybrid,9052,1200000
head,mvcc_stm,4,23
hybrid,9209,1240000
head,mvcc_stm,4,24
hybrid,9242,1280000
head,mvcc_stm,4,25
hybrid,9696,1320000
head,mvcc_stm,4,26
hybrid,9542,1360000
head,mvcc_stm,4,27
hybrid,9979,1400000
head,mvcc_stm,4,28
hybrid,10900,1440000
head,mvcc_stm,4,29
hybrid,11146,1480000
head,mvcc_stm,4,30
hybrid,11642,1520000
head,mvcc_stm,4,31
hybrid,12069,1560000
head,mvcc_stm,4,32
hybrid,11960,1600000
