
head,mvcc_stm,1,1
hybrid,25,6000,5939,61
head,mvcc_stm,1,2
hybrid,37,8000,7951,49
head,mvcc_stm,1,3
hybrid,50,10000,9946,54
head,mvcc_stm,1,4
hybrid,58,12000,11850,150
head,mvcc_stm,1,5
hybrid,60,14000,13876,124
head,mvcc_stm,1,6
hybrid,70,16000,15880,120
head,mvcc_stm,1,7
hybrid,85,18000,17817,183
head,mvcc_stm,1,8
hybrid,84,20000,19795,205
head,mvcc_stm,1,9
hybrid,96,22000,21817,183
head,mvcc_stm,1,10
hybrid,110,24000,23762,238
head,mvcc_stm,1,11
hybrid,116,26000,25759,241
head,mvcc_stm,1,12
hybrid,122,28000,27684,316
head,mvcc_stm,1,13
hybrid,134,30000,29760,240
head,mvcc_stm,1,14
hybrid,144,32000,31741,259
head,mvcc_stm,1,15
hybrid,163,34000,33604,396
head,mvcc_stm,1,16
hybrid,190,36000,35703,297
head,mvcc_stm,1,17
hybrid,192,38000,37644,356
head,mvcc_stm,1,18
hybrid,210,40000,39619,381
head,mvcc_stm,1,19
hybrid,213,42000,41546,454
head,mvcc_stm,1,20
hybrid,231,44000,43566,434
head,mvcc_stm,1,21
hybrid,244,46000,45604,396
head,mvcc_stm,1,22
hybrid,256,48000,47607,393
head,mvcc_stm,1,23
hybrid,262,50000,49606,394
head,mvcc_stm,1,24
hybrid,269,52000,51475,525
head,mvcc_stm,1,25
hybrid,274,54000,53530,470
head,mvcc_stm,1,26
hybrid,281,56000,55434,566
head,mvcc_stm,1,27
hybrid,287,58000,57454,546
head,mvcc_stm,1,28
hybrid,319,60000,59507,493
head,mvcc_stm,1,29
hybrid,314,62000,61472,528
head,mvcc_stm,1,30
hybrid,333,64000,63481,519
head,mvcc_stm,1,31
hybrid,331,66000,65434,566
head,mvcc_stm,1,32
hybrid,349,68000,67558,442
head,mvcc_stm,2,1
hybrid,51,10000,9824,176
head,mvcc_stm,2,2
hybrid,58,12000,11582,418
head,mvcc_stm,2,3
hybrid,74,14000,13690,310
head,mvcc_stm,2,4
hybrid,76,16000,15649,351
head,mvcc_stm,2,5
hybrid,87,18000,17604,396
head,mvcc_stm,2,6
hybrid,92,20000,19662,338
head,mvcc_stm,2,7
hybrid,104,22000,21519,481
head,mvcc_stm,2,8
hybrid,113,24000,23396,604
head,mvcc_stm,2,9
hybrid,121,26000,25439,561
head,mvcc_stm,2,10
hybrid,135,28000,27298,702
head,mvcc_stm,2,11
hybrid,143,30000,29357,643
head,mvcc_stm,2,12
hybrid,158,32000,31246,754
head,mvcc_stm,2,13
hybrid,180,34000,33167,833
head,mvcc_stm,2,14
hybrid,195,36000,35033,967
head,mvcc_stm,2,15
hybrid,208,38000,37194,806
head,mvcc_stm,2,16
hybrid,240,40000,39177,823
head,mvcc_stm,2,17
hybrid,238,42000,41200,800
head,mvcc_stm,2,18
hybrid,261,44000,43034,966
head,mvcc_stm,2,19
hybrid,265,46000,45117,883
head,mvcc_stm,2,20
hybrid,283,48000,47002,998
head,mvcc_stm,2,21
hybrid,277,50000,48975,1025
head,mvcc_stm,2,22
hybrid,308,52000,51131,869
head,mvcc_stm,2,23
hybrid,324,54000,53134,866
head,mvcc_stm,2,24
hybrid,302,56000,54981,1019
head,mvcc_stm,2,25
hybrid,309,58000,56863,1137
head,mvcc_stm,2,26
hybrid,357,60000,59077,923
head,mvcc_stm,2,27
hybrid,337,62000,60854,1146
head,mvcc_stm,2,28
hybrid,368,64000,62919,1081
head,mvcc_stm,2,29
hybrid,370,66000,64843,1157
head,mvcc_stm,2,30
hybrid,386,68000,66695,1305
head,mvcc_stm,2,31
hybrid,402,70000,68822,1178
head,mvcc_stm,2,32
hybrid,409,72000,70918,1082
head,mvcc_stm,3,1
hybrid,61,14000,13239,761
head,mvcc_stm,3,2
hybrid,81,16000,15226,774
head,mvcc_stm,3,3
hybrid,86,18000,17409,591
head,mvcc_stm,3,4
hybrid,91,20000,19161,839
head,mvcc_stm,3,5
hybrid,107,22000,21196,804
head,mvcc_stm,3,6
hybrid,116,24000,23010,990
head,mvcc_stm,3,7
hybrid,127,26000,24980,1020
head,mvcc_stm,3,8
hybrid,139,28000,26773,1227
head,mvcc_stm,3,9
hybrid,148,30000,28747,1253
head,mvcc_stm,3,10
hybrid,161,32000,30835,1165
head,mvcc_stm,3,11
hybrid,198,34000,32614,1386
head,mvcc_stm,3,12
hybrid,207,36000,34719,1281
head,mvcc_stm,3,13
hybrid,209,38000,36637,1363
head,mvcc_stm,3,14
hybrid,223,40000,38436,1564
head,mvcc_stm,3,15
hybrid,242,42000,40523,1477
head,mvcc_stm,3,16
hybrid,276,44000,42648,1352
head,mvcc_stm,3,17
hybrid,274,46000,44493,1507
head,mvcc_stm,3,18
hybrid,310,48000,46457,1543
head,mvcc_stm,3,19
hybrid,293,50000,48610,1390
head,mvcc_stm,3,20
hybrid,313,52000,50627,1373
head,mvcc_stm,3,21
hybrid,314,54000,52445,1555
head,mvcc_stm,3,22
hybrid,344,56000,54442,1558
head,mvcc_stm,3,23
hybrid,340,58000,56325,1675
head,mvcc_stm,3,24
hybrid,345,60000,58184,1816
head,mvcc_stm,3,25
hybrid,362,62000,60468,1532
head,mvcc_stm,3,26
hybrid,378,64000,62158,1842
head,mvcc_stm,3,27
hybrid,407,66000,63934,2066
head,mvcc_stm,3,28
hybrid,404,68000,66087,1913
head,mvcc_stm,3,29
hybrid,412,70000,68139,1861
head,mvcc_stm,3,30
hybrid,429,72000,70141,1859
head,mvcc_stm,3,31
hybrid,443,74000,71903,2097
head,mvcc_stm,3,32
hybrid,449,76000,73953,2047
head,mvcc_stm,4,1
hybrid,80,18000,16999,1001
head,mvcc_stm,4,2
hybrid,99,20000,18929,1071
head,mvcc_stm,4,3
hybrid,107,22000,20793,1207
head,mvcc_stm,4,4
hybrid,119,24000,22483,1517
head,mvcc_stm,4,5
hybrid,128,26000,24275,1725
head,mvcc_stm,4,6
hybrid,142,28000,25937,2063
head,mvcc_stm,4,7
hybrid,150,30000,28259,1741
head,mvcc_stm,4,8
hybrid,162,32000,30077,1923
head,mvcc_stm,4,9
hybrid,180,34000,31636,2364
head,mvcc_stm,4,10
hybrid,227,36000,34098,1902
head,mvcc_stm,4,11
hybrid,226,38000,36446,1554
head,mvcc_stm,4,12
hybrid,241,40000,38288,1712
head,mvcc_stm,4,13
hybrid,258,42000,40316,1684
head,mvcc_stm,4,14
hybrid,285,44000,42136,1864
head,mvcc_stm,4,15
hybrid,262,46000,43892,2108
head,mvcc_stm,4,16
hybrid,323,48000,46093,1907
head,mvcc_stm,4,17
hybrid,299,50000,47847,2153
head,mvcc_stm,4,18
hybrid,315,52000,49950,2050
head,mvcc_stm,4,19
hybrid,331,54000,52009,1991
head,mvcc_stm,4,20
hybrid,353,56000,53747,2253
head,mvcc_stm,4,21
hybrid,352,58000,55624,2376
head,mvcc_stm,4,22
hybrid,378,60000,57747,2253
head,mvcc_stm,4,23
hybrid,378,62000,59574,2426
head,mvcc_stm,4,24
hybrid,402,64000,61395,2605
head,mvcc_stm,4,25
hybrid,410,66000,63582,2418
head,mvcc_stm,4,26
hybrid,414,68000,65174,2826
head,mvcc_stm,4,27
hybrid,447,70000,66996,3004
head,mvcc_stm,4,28
hybrid,457,72000,69343,2657
head,mvcc_stm,4,29
hybrid,463,74000,71288,2712
head,mvcc_stm,4,30
hybrid,455,76000,72991,3009
head,mvcc_stm,4,31
hybrid,490,78000,75187,2813
head,mvcc_stm,4,32
hybrid,503,80000,77198,2802
